<?xml version="1.0" encoding="UTF-8"?>
<!-- Generated by org.testng.reporters.JUnitReportReporter -->
<testsuite hostname="LAPTOP-RBJAAMOL" failures="0" tests="1" name="DemoRunner.DemoRunner" time="60.350" errors="0" timestamp="2025-01-02T21:17:41 IST" skipped="0">
  <testcase classname="DemoRunner.DemoRunner" name="runScenario" time="60.350"/>
  <system-out/>
</testsuite> <!-- DemoRunner.DemoRunner -->
