<?xml version="1.0" encoding="UTF-8"?>
<!-- Generated by org.testng.reporters.JUnitReportReporter -->
<testsuite hostname="LAPTOP-RBJAAMOL" failures="0" tests="1" name="Runner.MyRunner" time="59.968" errors="1" timestamp="2024-10-15T20:00:33 IST" skipped="0">
  <testcase classname="Runner.MyRunner" name="runScenario" time="59.968">
    <error message="Unable to find element with locator By.xpath: //lightning-base-combobox-formatted-text
For documentation on this error, please visit: https://www.selenium.dev/documentation/webdriver/troubleshooting/errors#no-such-element-exception
Build info: version: &#039;4.18.1&#039;, revision: &#039;b1d3319b48&#039;
System info: os.name: &#039;Windows 11&#039;, os.arch: &#039;amd64&#039;, os.version: &#039;10.0&#039;, java.version: &#039;21.0.2&#039;
Driver info: driver.version: RemoteWebDriver" type="org.openqa.selenium.NoSuchElementException">
      <![CDATA[org.openqa.selenium.NoSuchElementException: Unable to find element with locator By.xpath: //lightning-base-combobox-formatted-text
For documentation on this error, please visit: https://www.selenium.dev/documentation/webdriver/troubleshooting/errors#no-such-element-exception
Build info: version: '4.18.1', revision: 'b1d3319b48'
System info: os.name: 'Windows 11', os.arch: 'amd64', os.version: '10.0', java.version: '21.0.2'
Driver info: driver.version: RemoteWebDriver
at org.openqa.selenium.remote.ElementLocation$ElementFinder$2.findElement(ElementLocation.java:168)
at org.openqa.selenium.remote.ElementLocation.findElement(ElementLocation.java:59)
at org.openqa.selenium.remote.RemoteWebDriver.findElement(RemoteWebDriver.java:356)
at org.openqa.selenium.remote.RemoteWebDriver.findElement(RemoteWebDriver.java:350)
at PageObjects.HomePage.createNewCustomerAccount(HomePage.java:112)
at StepDefinitions.HAC627VerifyNewAccountBillingAddress.HAC627new_user_should_enter_the_necessary_details_to_create_a_new_account_use_below_cretancials(HAC627VerifyNewAccountBillingAddress.java:65)
at âœ½.HAC627New User should click on the new button and enter the necessary details to create a new account- Use Below Cretancials(file:///C:/Users/HP/eclipse-workspace/HeatAndControlAutomation/src/test/java/Features/HAC-627%20VerifyNewAccountBilingAddress.feature:10)
]]>
    </error>
  </testcase> <!-- runScenario -->
  <system-out/>
</testsuite> <!-- Runner.MyRunner -->
